<?xml version="1.0" encoding="UTF-8"?>
<testsuite xmlns:xsi="http://www.w3.org/2001/XMLSchema-instance" xsi:noNamespaceSchemaLocation="https://maven.apache.org/surefire/maven-surefire-plugin/xsd/surefire-test-report.xsd" name="org.apache.beam.examples.complete.game.UserScoreTest" time="16.328" tests="4" errors="0" skipped="0" failures="0">
  <properties>
    <property name="java.specification.version" value="13"/>
    <property name="sun.jnu.encoding" value="UTF-8"/>
    <property name="java.class.path" value="/Users/prasanthpaattathil/Documents/GCP-LAB/gcp/dataflow_example/word-count-beam/target/test-classes:/Users/prasanthpaattathil/Documents/GCP-LAB/gcp/dataflow_example/word-count-beam/target/classes:/Users/prasanthpaattathil/.m2/repository/org/apache/beam/beam-sdks-java-core/2.20.0/beam-sdks-java-core-2.20.0.jar:/Users/prasanthpaattathil/.m2/repository/org/apache/beam/beam-model-pipeline/2.20.0/beam-model-pipeline-2.20.0.jar:/Users/prasanthpaattathil/.m2/repository/com/google/errorprone/error_prone_annotations/2.3.3/error_prone_annotations-2.3.3.jar:/Users/prasanthpaattathil/.m2/repository/commons-logging/commons-logging/1.2/commons-logging-1.2.jar:/Users/prasanthpaattathil/.m2/repository/org/apache/logging/log4j/log4j-api/2.6.2/log4j-api-2.6.2.jar:/Users/prasanthpaattathil/.m2/repository/org/apache/beam/beam-model-job-management/2.20.0/beam-model-job-management-2.20.0.jar:/Users/prasanthpaattathil/.m2/repository/org/apache/beam/beam-vendor-bytebuddy-1_10_8/0.1/beam-vendor-bytebuddy-1_10_8-0.1.jar:/Users/prasanthpaattathil/.m2/repository/org/apache/beam/beam-vendor-guava-26_0-jre/0.1/beam-vendor-guava-26_0-jre-0.1.jar:/Users/prasanthpaattathil/.m2/repository/com/google/code/findbugs/jsr305/3.0.2/jsr305-3.0.2.jar:/Users/prasanthpaattathil/.m2/repository/com/fasterxml/jackson/core/jackson-core/2.10.2/jackson-core-2.10.2.jar:/Users/prasanthpaattathil/.m2/repository/com/fasterxml/jackson/core/jackson-annotations/2.10.2/jackson-annotations-2.10.2.jar:/Users/prasanthpaattathil/.m2/repository/com/fasterxml/jackson/core/jackson-databind/2.10.2/jackson-databind-2.10.2.jar:/Users/prasanthpaattathil/.m2/repository/org/apache/avro/avro/1.8.2/avro-1.8.2.jar:/Users/prasanthpaattathil/.m2/repository/org/codehaus/jackson/jackson-core-asl/1.9.13/jackson-core-asl-1.9.13.jar:/Users/prasanthpaattathil/.m2/repository/org/codehaus/jackson/jackson-mapper-asl/1.9.13/jackson-mapper-asl-1.9.13.jar:/Users/prasanthpaattathil/.m2/repository/com/thoughtworks/paranamer/paranamer/2.7/paranamer-2.7.jar:/Users/prasanthpaattathil/.m2/repository/org/apache/commons/commons-compress/1.8.1/commons-compress-1.8.1.jar:/Users/prasanthpaattathil/.m2/repository/org/xerial/snappy/snappy-java/1.1.4/snappy-java-1.1.4.jar:/Users/prasanthpaattathil/.m2/repository/org/tukaani/xz/1.8/xz-1.8.jar:/Users/prasanthpaattathil/.m2/repository/org/apache/beam/beam-sdks-java-io-google-cloud-platform/2.20.0/beam-sdks-java-io-google-cloud-platform-2.20.0.jar:/Users/prasanthpaattathil/.m2/repository/org/apache/beam/beam-sdks-java-extensions-google-cloud-platform-core/2.20.0/beam-sdks-java-extensions-google-cloud-platform-core-2.20.0.jar:/Users/prasanthpaattathil/.m2/repository/com/google/cloud/bigdataoss/gcsio/2.0.0/gcsio-2.0.0.jar:/Users/prasanthpaattathil/.m2/repository/com/google/apis/google-api-services-cloudresourcemanager/v1-rev20191206-1.30.3/google-api-services-cloudresourcemanager-v1-rev20191206-1.30.3.jar:/Users/prasanthpaattathil/.m2/repository/com/google/apis/google-api-services-storage/v1-rev20191011-1.30.3/google-api-services-storage-v1-rev20191011-1.30.3.jar:/Users/prasanthpaattathil/.m2/repository/org/apache/beam/beam-sdks-java-extensions-protobuf/2.20.0/beam-sdks-java-extensions-protobuf-2.20.0.jar:/Users/prasanthpaattathil/.m2/repository/com/google/cloud/bigdataoss/util/2.0.0/util-2.0.0.jar:/Users/prasanthpaattathil/.m2/repository/com/google/api-client/google-api-client-java6/1.30.1/google-api-client-java6-1.30.1.jar:/Users/prasanthpaattathil/.m2/repository/com/google/api-client/google-api-client-jackson2/1.30.1/google-api-client-jackson2-1.30.1.jar:/Users/prasanthpaattathil/.m2/repository/com/google/auto/value/auto-value-annotations/1.6.5/auto-value-annotations-1.6.5.jar:/Users/prasanthpaattathil/.m2/repository/com/google/oauth-client/google-oauth-client-java6/1.30.1/google-oauth-client-java6-1.30.1.jar:/Users/prasanthpaattathil/.m2/repository/com/google/flogger/google-extensions/0.4/google-extensions-0.4.jar:/Users/prasanthpaattathil/.m2/repository/com/google/flogger/flogger/0.4/flogger-0.4.jar:/Users/prasanthpaattathil/.m2/repository/com/google/flogger/flogger-system-backend/0.4/flogger-system-backend-0.4.jar:/Users/prasanthpaattathil/.m2/repository/com/google/api/gax/1.53.0/gax-1.53.0.jar:/Users/prasanthpaattathil/.m2/repository/org/threeten/threetenbp/1.3.3/threetenbp-1.3.3.jar:/Users/prasanthpaattathil/.m2/repository/com/google/api/api-common/1.8.1/api-common-1.8.1.jar:/Users/prasanthpaattathil/.m2/repository/com/google/api/gax-grpc/1.53.0/gax-grpc-1.53.0.jar:/Users/prasanthpaattathil/.m2/repository/io/grpc/grpc-protobuf/1.25.0/grpc-protobuf-1.25.0.jar:/Users/prasanthpaattathil/.m2/repository/io/grpc/grpc-protobuf-lite/1.25.0/grpc-protobuf-lite-1.25.0.jar:/Users/prasanthpaattathil/.m2/repository/io/grpc/grpc-netty-shaded/1.25.0/grpc-netty-shaded-1.25.0.jar:/Users/prasanthpaattathil/.m2/repository/io/grpc/grpc-alts/1.25.0/grpc-alts-1.25.0.jar:/Users/prasanthpaattathil/.m2/repository/org/apache/commons/commons-lang3/3.5/commons-lang3-3.5.jar:/Users/prasanthpaattathil/.m2/repository/com/google/auth/google-auth-library-credentials/0.19.0/google-auth-library-credentials-0.19.0.jar:/Users/prasanthpaattathil/.m2/repository/com/google/auth/google-auth-library-oauth2-http/0.19.0/google-auth-library-oauth2-http-0.19.0.jar:/Users/prasanthpaattathil/.m2/repository/com/google/cloud/google-cloud-bigquerystorage/0.120.1-beta/google-cloud-bigquerystorage-0.120.1-beta.jar:/Users/prasanthpaattathil/.m2/repository/io/grpc/grpc-api/1.25.0/grpc-api-1.25.0.jar:/Users/prasanthpaattathil/.m2/repository/com/google/cloud/google-cloud-bigquery/1.102.0/google-cloud-bigquery-1.102.0.jar:/Users/prasanthpaattathil/.m2/repository/javax/annotation/javax.annotation-api/1.3.2/javax.annotation-api-1.3.2.jar:/Users/prasanthpaattathil/.m2/repository/com/google/cloud/bigtable/bigtable-client-core/1.13.0/bigtable-client-core-1.13.0.jar:/Users/prasanthpaattathil/.m2/repository/com/google/cloud/google-cloud-bigtable/1.9.1/google-cloud-bigtable-1.9.1.jar:/Users/prasanthpaattathil/.m2/repository/com/google/api/grpc/grpc-google-common-protos/1.17.0/grpc-google-common-protos-1.17.0.jar:/Users/prasanthpaattathil/.m2/repository/com/google/api/grpc/grpc-google-cloud-bigtable-v2/1.9.1/grpc-google-cloud-bigtable-v2-1.9.1.jar:/Users/prasanthpaattathil/.m2/repository/com/google/api/grpc/proto-google-cloud-bigtable-admin-v2/1.9.1/proto-google-cloud-bigtable-admin-v2-1.9.1.jar:/Users/prasanthpaattathil/.m2/repository/com/google/api/grpc/grpc-google-cloud-bigtable-admin-v2/1.9.1/grpc-google-cloud-bigtable-admin-v2-1.9.1.jar:/Users/prasanthpaattathil/.m2/repository/com/google/api/grpc/proto-google-iam-v1/0.13.0/proto-google-iam-v1-0.13.0.jar:/Users/prasanthpaattathil/.m2/repository/com/google/cloud/google-cloud-core-http/1.92.1/google-cloud-core-http-1.92.1.jar:/Users/prasanthpaattathil/.m2/repository/com/google/http-client/google-http-client-appengine/1.34.0/google-http-client-appengine-1.34.0.jar:/Users/prasanthpaattathil/.m2/repository/com/google/api/gax-httpjson/0.69.0/gax-httpjson-0.69.0.jar:/Users/prasanthpaattathil/.m2/repository/io/opencensus/opencensus-contrib-grpc-util/0.24.0/opencensus-contrib-grpc-util-0.24.0.jar:/Users/prasanthpaattathil/.m2/repository/io/dropwizard/metrics/metrics-core/3.2.6/metrics-core-3.2.6.jar:/Users/prasanthpaattathil/.m2/repository/commons-codec/commons-codec/1.13/commons-codec-1.13.jar:/Users/prasanthpaattathil/.m2/repository/com/google/cloud/google-cloud-core/1.92.2/google-cloud-core-1.92.2.jar:/Users/prasanthpaattathil/.m2/repository/com/google/protobuf/protobuf-java-util/3.11.1/protobuf-java-util-3.11.1.jar:/Users/prasanthpaattathil/.m2/repository/com/google/cloud/google-cloud-core-grpc/1.92.2/google-cloud-core-grpc-1.92.2.jar:/Users/prasanthpaattathil/.m2/repository/com/google/cloud/datastore/datastore-v1-proto-client/1.6.3/datastore-v1-proto-client-1.6.3.jar:/Users/prasanthpaattathil/.m2/repository/com/google/http-client/google-http-client-protobuf/1.33.0/google-http-client-protobuf-1.33.0.jar:/Users/prasanthpaattathil/.m2/repository/com/google/cloud/google-cloud-spanner/1.49.1/google-cloud-spanner-1.49.1.jar:/Users/prasanthpaattathil/.m2/repository/com/google/api/grpc/proto-google-cloud-spanner-admin-instance-v1/1.49.1/proto-google-cloud-spanner-admin-instance-v1-1.49.1.jar:/Users/prasanthpaattathil/.m2/repository/com/google/api/grpc/proto-google-cloud-spanner-v1/1.49.1/proto-google-cloud-spanner-v1-1.49.1.jar:/Users/prasanthpaattathil/.m2/repository/com/google/http-client/google-http-client-jackson2/1.34.0/google-http-client-jackson2-1.34.0.jar:/Users/prasanthpaattathil/.m2/repository/io/grpc/grpc-all/1.25.0/grpc-all-1.25.0.jar:/Users/prasanthpaattathil/.m2/repository/io/grpc/grpc-okhttp/1.25.0/grpc-okhttp-1.25.0.jar:/Users/prasanthpaattathil/.m2/repository/com/squareup/okio/okio/1.13.0/okio-1.13.0.jar:/Users/prasanthpaattathil/.m2/repository/com/squareup/okhttp/okhttp/2.5.0/okhttp-2.5.0.jar:/Users/prasanthpaattathil/.m2/repository/io/grpc/grpc-testing/1.25.0/grpc-testing-1.25.0.jar:/Users/prasanthpaattathil/.m2/repository/io/grpc/grpc-auth/1.25.0/grpc-auth-1.25.0.jar:/Users/prasanthpaattathil/.m2/repository/io/grpc/grpc-core/1.25.0/grpc-core-1.25.0.jar:/Users/prasanthpaattathil/.m2/repository/com/google/code/gson/gson/2.8.5/gson-2.8.5.jar:/Users/prasanthpaattathil/.m2/repository/com/google/android/annotations/4.1.1.4/annotations-4.1.1.4.jar:/Users/prasanthpaattathil/.m2/repository/io/perfmark/perfmark-api/0.19.0/perfmark-api-0.19.0.jar:/Users/prasanthpaattathil/.m2/repository/io/opencensus/opencensus-contrib-grpc-metrics/0.21.0/opencensus-contrib-grpc-metrics-0.21.0.jar:/Users/prasanthpaattathil/.m2/repository/io/grpc/grpc-context/1.25.0/grpc-context-1.25.0.jar:/Users/prasanthpaattathil/.m2/repository/io/grpc/grpc-grpclb/1.25.0/grpc-grpclb-1.25.0.jar:/Users/prasanthpaattathil/.m2/repository/io/grpc/grpc-netty/1.25.0/grpc-netty-1.25.0.jar:/Users/prasanthpaattathil/.m2/repository/io/netty/netty-codec-http2/4.1.42.Final/netty-codec-http2-4.1.42.Final.jar:/Users/prasanthpaattathil/.m2/repository/io/netty/netty-common/4.1.42.Final/netty-common-4.1.42.Final.jar:/Users/prasanthpaattathil/.m2/repository/io/netty/netty-codec-http/4.1.42.Final/netty-codec-http-4.1.42.Final.jar:/Users/prasanthpaattathil/.m2/repository/io/netty/netty-handler-proxy/4.1.42.Final/netty-handler-proxy-4.1.42.Final.jar:/Users/prasanthpaattathil/.m2/repository/io/netty/netty-codec-socks/4.1.42.Final/netty-codec-socks-4.1.42.Final.jar:/Users/prasanthpaattathil/.m2/repository/io/grpc/grpc-stub/1.25.0/grpc-stub-1.25.0.jar:/Users/prasanthpaattathil/.m2/repository/com/google/api/grpc/grpc-google-cloud-pubsub-v1/1.83.0/grpc-google-cloud-pubsub-v1-1.83.0.jar:/Users/prasanthpaattathil/.m2/repository/com/google/guava/guava/25.1-jre/guava-25.1-jre.jar:/Users/prasanthpaattathil/.m2/repository/org/checkerframework/checker-qual/2.0.0/checker-qual-2.0.0.jar:/Users/prasanthpaattathil/.m2/repository/org/codehaus/mojo/animal-sniffer-annotations/1.14/animal-sniffer-annotations-1.14.jar:/Users/prasanthpaattathil/.m2/repository/io/netty/netty-handler/4.1.30.Final/netty-handler-4.1.30.Final.jar:/Users/prasanthpaattathil/.m2/repository/io/netty/netty-buffer/4.1.30.Final/netty-buffer-4.1.30.Final.jar:/Users/prasanthpaattathil/.m2/repository/io/netty/netty-transport/4.1.30.Final/netty-transport-4.1.30.Final.jar:/Users/prasanthpaattathil/.m2/repository/io/netty/netty-resolver/4.1.30.Final/netty-resolver-4.1.30.Final.jar:/Users/prasanthpaattathil/.m2/repository/io/netty/netty-codec/4.1.30.Final/netty-codec-4.1.30.Final.jar:/Users/prasanthpaattathil/.m2/repository/io/netty/netty-tcnative-boringssl-static/2.0.17.Final/netty-tcnative-boringssl-static-2.0.17.Final.jar:/Users/prasanthpaattathil/.m2/repository/com/google/api/grpc/proto-google-cloud-bigquerystorage-v1beta1/0.85.1/proto-google-cloud-bigquerystorage-v1beta1-0.85.1.jar:/Users/prasanthpaattathil/.m2/repository/com/google/api/grpc/proto-google-cloud-bigtable-v2/1.9.1/proto-google-cloud-bigtable-v2-1.9.1.jar:/Users/prasanthpaattathil/.m2/repository/com/google/api/grpc/proto-google-cloud-datastore-v1/0.85.0/proto-google-cloud-datastore-v1-0.85.0.jar:/Users/prasanthpaattathil/.m2/repository/com/google/api/grpc/proto-google-cloud-pubsub-v1/1.83.0/proto-google-cloud-pubsub-v1-1.83.0.jar:/Users/prasanthpaattathil/.m2/repository/com/google/api/grpc/proto-google-cloud-spanner-admin-database-v1/1.49.1/proto-google-cloud-spanner-admin-database-v1-1.49.1.jar:/Users/prasanthpaattathil/.m2/repository/com/google/api/grpc/proto-google-common-protos/1.17.0/proto-google-common-protos-1.17.0.jar:/Users/prasanthpaattathil/.m2/repository/com/google/protobuf/protobuf-java/3.11.1/protobuf-java-3.11.1.jar:/Users/prasanthpaattathil/.m2/repository/com/google/api-client/google-api-client/1.30.3/google-api-client-1.30.3.jar:/Users/prasanthpaattathil/.m2/repository/com/google/oauth-client/google-oauth-client/1.30.2/google-oauth-client-1.30.2.jar:/Users/prasanthpaattathil/.m2/repository/com/google/apis/google-api-services-bigquery/v2-rev20190917-1.30.3/google-api-services-bigquery-v2-rev20190917-1.30.3.jar:/Users/prasanthpaattathil/.m2/repository/com/google/http-client/google-http-client/1.34.0/google-http-client-1.34.0.jar:/Users/prasanthpaattathil/.m2/repository/org/apache/httpcomponents/httpclient/4.5.10/httpclient-4.5.10.jar:/Users/prasanthpaattathil/.m2/repository/org/apache/httpcomponents/httpcore/4.4.12/httpcore-4.4.12.jar:/Users/prasanthpaattathil/.m2/repository/com/google/j2objc/j2objc-annotations/1.3/j2objc-annotations-1.3.jar:/Users/prasanthpaattathil/.m2/repository/io/opencensus/opencensus-api/0.24.0/opencensus-api-0.24.0.jar:/Users/prasanthpaattathil/.m2/repository/io/opencensus/opencensus-contrib-http-util/0.24.0/opencensus-contrib-http-util-0.24.0.jar:/Users/prasanthpaattathil/.m2/repository/com/google/apis/google-api-services-pubsub/v1-rev20191111-1.30.3/google-api-services-pubsub-v1-rev20191111-1.30.3.jar:/Users/prasanthpaattathil/.m2/repository/joda-time/joda-time/2.10.5/joda-time-2.10.5.jar:/Users/prasanthpaattathil/.m2/repository/org/slf4j/slf4j-api/1.7.25/slf4j-api-1.7.25.jar:/Users/prasanthpaattathil/.m2/repository/org/slf4j/slf4j-jdk14/1.7.25/slf4j-jdk14-1.7.25.jar:/Users/prasanthpaattathil/.m2/repository/org/hamcrest/hamcrest-core/2.1/hamcrest-core-2.1.jar:/Users/prasanthpaattathil/.m2/repository/org/hamcrest/hamcrest/2.1/hamcrest-2.1.jar:/Users/prasanthpaattathil/.m2/repository/org/hamcrest/hamcrest-library/2.1/hamcrest-library-2.1.jar:/Users/prasanthpaattathil/.m2/repository/junit/junit/4.13-beta-3/junit-4.13-beta-3.jar:/Users/prasanthpaattathil/.m2/repository/org/apache/beam/beam-runners-direct-java/2.20.0/beam-runners-direct-java-2.20.0.jar:/Users/prasanthpaattathil/.m2/repository/org/apache/beam/beam-vendor-grpc-1_26_0/0.3/beam-vendor-grpc-1_26_0-0.3.jar:/Users/prasanthpaattathil/.m2/repository/org/conscrypt/conscrypt-openjdk-uber/1.3.0/conscrypt-openjdk-uber-1.3.0.jar:/Users/prasanthpaattathil/.m2/repository/args4j/args4j/2.33/args4j-2.33.jar:/Users/prasanthpaattathil/.m2/repository/org/mockito/mockito-core/3.0.0/mockito-core-3.0.0.jar:/Users/prasanthpaattathil/.m2/repository/net/bytebuddy/byte-buddy/1.9.10/byte-buddy-1.9.10.jar:/Users/prasanthpaattathil/.m2/repository/net/bytebuddy/byte-buddy-agent/1.9.10/byte-buddy-agent-1.9.10.jar:/Users/prasanthpaattathil/.m2/repository/org/objenesis/objenesis/2.6/objenesis-2.6.jar:/Users/prasanthpaattathil/.m2/repository/org/apache/beam/beam-runners-portability-java/2.20.0/beam-runners-portability-java-2.20.0.jar:/Users/prasanthpaattathil/.m2/repository/org/apache/beam/beam-runners-java-fn-execution/2.20.0/beam-runners-java-fn-execution-2.20.0.jar:/Users/prasanthpaattathil/.m2/repository/org/apache/beam/beam-runners-core-construction-java/2.20.0/beam-runners-core-construction-java-2.20.0.jar:/Users/prasanthpaattathil/.m2/repository/io/github/classgraph/classgraph/4.8.65/classgraph-4.8.65.jar:/Users/prasanthpaattathil/.m2/repository/org/apache/beam/beam-model-fn-execution/2.20.0/beam-model-fn-execution-2.20.0.jar:/Users/prasanthpaattathil/.m2/repository/org/apache/beam/beam-sdks-java-fn-execution/2.20.0/beam-sdks-java-fn-execution-2.20.0.jar:/Users/prasanthpaattathil/.m2/repository/org/apache/beam/beam-vendor-sdks-java-extensions-protobuf/2.20.0/beam-vendor-sdks-java-extensions-protobuf-2.20.0.jar:/Users/prasanthpaattathil/.m2/repository/org/apache/beam/beam-sdks-java-harness/2.20.0/beam-sdks-java-harness-2.20.0.jar:"/>
    <property name="java.vm.vendor" value="Oracle Corporation"/>
    <property name="sun.arch.data.model" value="64"/>
    <property name="java.vendor.url" value="https://openjdk.java.net/"/>
    <property name="user.timezone" value="Asia/Kolkata"/>
    <property name="os.name" value="Mac OS X"/>
    <property name="java.vm.specification.version" value="13"/>
    <property name="sun.java.launcher" value="SUN_STANDARD"/>
    <property name="user.country" value="IN"/>
    <property name="sun.boot.library.path" value="/usr/local/Cellar/openjdk/13.0.2+8_2/libexec/openjdk.jdk/Contents/Home/lib"/>
    <property name="sun.java.command" value="/Users/prasanthpaattathil/Documents/GCP-LAB/gcp/dataflow_example/word-count-beam/target/surefire/surefirebooter13238302575666948879.jar /Users/prasanthpaattathil/Documents/GCP-LAB/gcp/dataflow_example/word-count-beam/target/surefire 2020-05-13T05-48-06_416-jvmRun1 surefire5404641955128046718tmp surefire_014608985492952955063tmp"/>
    <property name="http.nonProxyHosts" value="local|*.local|169.254/16|*.169.254/16"/>
    <property name="jdk.debug" value="release"/>
    <property name="surefire.test.class.path" value="/Users/prasanthpaattathil/Documents/GCP-LAB/gcp/dataflow_example/word-count-beam/target/test-classes:/Users/prasanthpaattathil/Documents/GCP-LAB/gcp/dataflow_example/word-count-beam/target/classes:/Users/prasanthpaattathil/.m2/repository/org/apache/beam/beam-sdks-java-core/2.20.0/beam-sdks-java-core-2.20.0.jar:/Users/prasanthpaattathil/.m2/repository/org/apache/beam/beam-model-pipeline/2.20.0/beam-model-pipeline-2.20.0.jar:/Users/prasanthpaattathil/.m2/repository/com/google/errorprone/error_prone_annotations/2.3.3/error_prone_annotations-2.3.3.jar:/Users/prasanthpaattathil/.m2/repository/commons-logging/commons-logging/1.2/commons-logging-1.2.jar:/Users/prasanthpaattathil/.m2/repository/org/apache/logging/log4j/log4j-api/2.6.2/log4j-api-2.6.2.jar:/Users/prasanthpaattathil/.m2/repository/org/apache/beam/beam-model-job-management/2.20.0/beam-model-job-management-2.20.0.jar:/Users/prasanthpaattathil/.m2/repository/org/apache/beam/beam-vendor-bytebuddy-1_10_8/0.1/beam-vendor-bytebuddy-1_10_8-0.1.jar:/Users/prasanthpaattathil/.m2/repository/org/apache/beam/beam-vendor-guava-26_0-jre/0.1/beam-vendor-guava-26_0-jre-0.1.jar:/Users/prasanthpaattathil/.m2/repository/com/google/code/findbugs/jsr305/3.0.2/jsr305-3.0.2.jar:/Users/prasanthpaattathil/.m2/repository/com/fasterxml/jackson/core/jackson-core/2.10.2/jackson-core-2.10.2.jar:/Users/prasanthpaattathil/.m2/repository/com/fasterxml/jackson/core/jackson-annotations/2.10.2/jackson-annotations-2.10.2.jar:/Users/prasanthpaattathil/.m2/repository/com/fasterxml/jackson/core/jackson-databind/2.10.2/jackson-databind-2.10.2.jar:/Users/prasanthpaattathil/.m2/repository/org/apache/avro/avro/1.8.2/avro-1.8.2.jar:/Users/prasanthpaattathil/.m2/repository/org/codehaus/jackson/jackson-core-asl/1.9.13/jackson-core-asl-1.9.13.jar:/Users/prasanthpaattathil/.m2/repository/org/codehaus/jackson/jackson-mapper-asl/1.9.13/jackson-mapper-asl-1.9.13.jar:/Users/prasanthpaattathil/.m2/repository/com/thoughtworks/paranamer/paranamer/2.7/paranamer-2.7.jar:/Users/prasanthpaattathil/.m2/repository/org/apache/commons/commons-compress/1.8.1/commons-compress-1.8.1.jar:/Users/prasanthpaattathil/.m2/repository/org/xerial/snappy/snappy-java/1.1.4/snappy-java-1.1.4.jar:/Users/prasanthpaattathil/.m2/repository/org/tukaani/xz/1.8/xz-1.8.jar:/Users/prasanthpaattathil/.m2/repository/org/apache/beam/beam-sdks-java-io-google-cloud-platform/2.20.0/beam-sdks-java-io-google-cloud-platform-2.20.0.jar:/Users/prasanthpaattathil/.m2/repository/org/apache/beam/beam-sdks-java-extensions-google-cloud-platform-core/2.20.0/beam-sdks-java-extensions-google-cloud-platform-core-2.20.0.jar:/Users/prasanthpaattathil/.m2/repository/com/google/cloud/bigdataoss/gcsio/2.0.0/gcsio-2.0.0.jar:/Users/prasanthpaattathil/.m2/repository/com/google/apis/google-api-services-cloudresourcemanager/v1-rev20191206-1.30.3/google-api-services-cloudresourcemanager-v1-rev20191206-1.30.3.jar:/Users/prasanthpaattathil/.m2/repository/com/google/apis/google-api-services-storage/v1-rev20191011-1.30.3/google-api-services-storage-v1-rev20191011-1.30.3.jar:/Users/prasanthpaattathil/.m2/repository/org/apache/beam/beam-sdks-java-extensions-protobuf/2.20.0/beam-sdks-java-extensions-protobuf-2.20.0.jar:/Users/prasanthpaattathil/.m2/repository/com/google/cloud/bigdataoss/util/2.0.0/util-2.0.0.jar:/Users/prasanthpaattathil/.m2/repository/com/google/api-client/google-api-client-java6/1.30.1/google-api-client-java6-1.30.1.jar:/Users/prasanthpaattathil/.m2/repository/com/google/api-client/google-api-client-jackson2/1.30.1/google-api-client-jackson2-1.30.1.jar:/Users/prasanthpaattathil/.m2/repository/com/google/auto/value/auto-value-annotations/1.6.5/auto-value-annotations-1.6.5.jar:/Users/prasanthpaattathil/.m2/repository/com/google/oauth-client/google-oauth-client-java6/1.30.1/google-oauth-client-java6-1.30.1.jar:/Users/prasanthpaattathil/.m2/repository/com/google/flogger/google-extensions/0.4/google-extensions-0.4.jar:/Users/prasanthpaattathil/.m2/repository/com/google/flogger/flogger/0.4/flogger-0.4.jar:/Users/prasanthpaattathil/.m2/repository/com/google/flogger/flogger-system-backend/0.4/flogger-system-backend-0.4.jar:/Users/prasanthpaattathil/.m2/repository/com/google/api/gax/1.53.0/gax-1.53.0.jar:/Users/prasanthpaattathil/.m2/repository/org/threeten/threetenbp/1.3.3/threetenbp-1.3.3.jar:/Users/prasanthpaattathil/.m2/repository/com/google/api/api-common/1.8.1/api-common-1.8.1.jar:/Users/prasanthpaattathil/.m2/repository/com/google/api/gax-grpc/1.53.0/gax-grpc-1.53.0.jar:/Users/prasanthpaattathil/.m2/repository/io/grpc/grpc-protobuf/1.25.0/grpc-protobuf-1.25.0.jar:/Users/prasanthpaattathil/.m2/repository/io/grpc/grpc-protobuf-lite/1.25.0/grpc-protobuf-lite-1.25.0.jar:/Users/prasanthpaattathil/.m2/repository/io/grpc/grpc-netty-shaded/1.25.0/grpc-netty-shaded-1.25.0.jar:/Users/prasanthpaattathil/.m2/repository/io/grpc/grpc-alts/1.25.0/grpc-alts-1.25.0.jar:/Users/prasanthpaattathil/.m2/repository/org/apache/commons/commons-lang3/3.5/commons-lang3-3.5.jar:/Users/prasanthpaattathil/.m2/repository/com/google/auth/google-auth-library-credentials/0.19.0/google-auth-library-credentials-0.19.0.jar:/Users/prasanthpaattathil/.m2/repository/com/google/auth/google-auth-library-oauth2-http/0.19.0/google-auth-library-oauth2-http-0.19.0.jar:/Users/prasanthpaattathil/.m2/repository/com/google/cloud/google-cloud-bigquerystorage/0.120.1-beta/google-cloud-bigquerystorage-0.120.1-beta.jar:/Users/prasanthpaattathil/.m2/repository/io/grpc/grpc-api/1.25.0/grpc-api-1.25.0.jar:/Users/prasanthpaattathil/.m2/repository/com/google/cloud/google-cloud-bigquery/1.102.0/google-cloud-bigquery-1.102.0.jar:/Users/prasanthpaattathil/.m2/repository/javax/annotation/javax.annotation-api/1.3.2/javax.annotation-api-1.3.2.jar:/Users/prasanthpaattathil/.m2/repository/com/google/cloud/bigtable/bigtable-client-core/1.13.0/bigtable-client-core-1.13.0.jar:/Users/prasanthpaattathil/.m2/repository/com/google/cloud/google-cloud-bigtable/1.9.1/google-cloud-bigtable-1.9.1.jar:/Users/prasanthpaattathil/.m2/repository/com/google/api/grpc/grpc-google-common-protos/1.17.0/grpc-google-common-protos-1.17.0.jar:/Users/prasanthpaattathil/.m2/repository/com/google/api/grpc/grpc-google-cloud-bigtable-v2/1.9.1/grpc-google-cloud-bigtable-v2-1.9.1.jar:/Users/prasanthpaattathil/.m2/repository/com/google/api/grpc/proto-google-cloud-bigtable-admin-v2/1.9.1/proto-google-cloud-bigtable-admin-v2-1.9.1.jar:/Users/prasanthpaattathil/.m2/repository/com/google/api/grpc/grpc-google-cloud-bigtable-admin-v2/1.9.1/grpc-google-cloud-bigtable-admin-v2-1.9.1.jar:/Users/prasanthpaattathil/.m2/repository/com/google/api/grpc/proto-google-iam-v1/0.13.0/proto-google-iam-v1-0.13.0.jar:/Users/prasanthpaattathil/.m2/repository/com/google/cloud/google-cloud-core-http/1.92.1/google-cloud-core-http-1.92.1.jar:/Users/prasanthpaattathil/.m2/repository/com/google/http-client/google-http-client-appengine/1.34.0/google-http-client-appengine-1.34.0.jar:/Users/prasanthpaattathil/.m2/repository/com/google/api/gax-httpjson/0.69.0/gax-httpjson-0.69.0.jar:/Users/prasanthpaattathil/.m2/repository/io/opencensus/opencensus-contrib-grpc-util/0.24.0/opencensus-contrib-grpc-util-0.24.0.jar:/Users/prasanthpaattathil/.m2/repository/io/dropwizard/metrics/metrics-core/3.2.6/metrics-core-3.2.6.jar:/Users/prasanthpaattathil/.m2/repository/commons-codec/commons-codec/1.13/commons-codec-1.13.jar:/Users/prasanthpaattathil/.m2/repository/com/google/cloud/google-cloud-core/1.92.2/google-cloud-core-1.92.2.jar:/Users/prasanthpaattathil/.m2/repository/com/google/protobuf/protobuf-java-util/3.11.1/protobuf-java-util-3.11.1.jar:/Users/prasanthpaattathil/.m2/repository/com/google/cloud/google-cloud-core-grpc/1.92.2/google-cloud-core-grpc-1.92.2.jar:/Users/prasanthpaattathil/.m2/repository/com/google/cloud/datastore/datastore-v1-proto-client/1.6.3/datastore-v1-proto-client-1.6.3.jar:/Users/prasanthpaattathil/.m2/repository/com/google/http-client/google-http-client-protobuf/1.33.0/google-http-client-protobuf-1.33.0.jar:/Users/prasanthpaattathil/.m2/repository/com/google/cloud/google-cloud-spanner/1.49.1/google-cloud-spanner-1.49.1.jar:/Users/prasanthpaattathil/.m2/repository/com/google/api/grpc/proto-google-cloud-spanner-admin-instance-v1/1.49.1/proto-google-cloud-spanner-admin-instance-v1-1.49.1.jar:/Users/prasanthpaattathil/.m2/repository/com/google/api/grpc/proto-google-cloud-spanner-v1/1.49.1/proto-google-cloud-spanner-v1-1.49.1.jar:/Users/prasanthpaattathil/.m2/repository/com/google/http-client/google-http-client-jackson2/1.34.0/google-http-client-jackson2-1.34.0.jar:/Users/prasanthpaattathil/.m2/repository/io/grpc/grpc-all/1.25.0/grpc-all-1.25.0.jar:/Users/prasanthpaattathil/.m2/repository/io/grpc/grpc-okhttp/1.25.0/grpc-okhttp-1.25.0.jar:/Users/prasanthpaattathil/.m2/repository/com/squareup/okio/okio/1.13.0/okio-1.13.0.jar:/Users/prasanthpaattathil/.m2/repository/com/squareup/okhttp/okhttp/2.5.0/okhttp-2.5.0.jar:/Users/prasanthpaattathil/.m2/repository/io/grpc/grpc-testing/1.25.0/grpc-testing-1.25.0.jar:/Users/prasanthpaattathil/.m2/repository/io/grpc/grpc-auth/1.25.0/grpc-auth-1.25.0.jar:/Users/prasanthpaattathil/.m2/repository/io/grpc/grpc-core/1.25.0/grpc-core-1.25.0.jar:/Users/prasanthpaattathil/.m2/repository/com/google/code/gson/gson/2.8.5/gson-2.8.5.jar:/Users/prasanthpaattathil/.m2/repository/com/google/android/annotations/4.1.1.4/annotations-4.1.1.4.jar:/Users/prasanthpaattathil/.m2/repository/io/perfmark/perfmark-api/0.19.0/perfmark-api-0.19.0.jar:/Users/prasanthpaattathil/.m2/repository/io/opencensus/opencensus-contrib-grpc-metrics/0.21.0/opencensus-contrib-grpc-metrics-0.21.0.jar:/Users/prasanthpaattathil/.m2/repository/io/grpc/grpc-context/1.25.0/grpc-context-1.25.0.jar:/Users/prasanthpaattathil/.m2/repository/io/grpc/grpc-grpclb/1.25.0/grpc-grpclb-1.25.0.jar:/Users/prasanthpaattathil/.m2/repository/io/grpc/grpc-netty/1.25.0/grpc-netty-1.25.0.jar:/Users/prasanthpaattathil/.m2/repository/io/netty/netty-codec-http2/4.1.42.Final/netty-codec-http2-4.1.42.Final.jar:/Users/prasanthpaattathil/.m2/repository/io/netty/netty-common/4.1.42.Final/netty-common-4.1.42.Final.jar:/Users/prasanthpaattathil/.m2/repository/io/netty/netty-codec-http/4.1.42.Final/netty-codec-http-4.1.42.Final.jar:/Users/prasanthpaattathil/.m2/repository/io/netty/netty-handler-proxy/4.1.42.Final/netty-handler-proxy-4.1.42.Final.jar:/Users/prasanthpaattathil/.m2/repository/io/netty/netty-codec-socks/4.1.42.Final/netty-codec-socks-4.1.42.Final.jar:/Users/prasanthpaattathil/.m2/repository/io/grpc/grpc-stub/1.25.0/grpc-stub-1.25.0.jar:/Users/prasanthpaattathil/.m2/repository/com/google/api/grpc/grpc-google-cloud-pubsub-v1/1.83.0/grpc-google-cloud-pubsub-v1-1.83.0.jar:/Users/prasanthpaattathil/.m2/repository/com/google/guava/guava/25.1-jre/guava-25.1-jre.jar:/Users/prasanthpaattathil/.m2/repository/org/checkerframework/checker-qual/2.0.0/checker-qual-2.0.0.jar:/Users/prasanthpaattathil/.m2/repository/org/codehaus/mojo/animal-sniffer-annotations/1.14/animal-sniffer-annotations-1.14.jar:/Users/prasanthpaattathil/.m2/repository/io/netty/netty-handler/4.1.30.Final/netty-handler-4.1.30.Final.jar:/Users/prasanthpaattathil/.m2/repository/io/netty/netty-buffer/4.1.30.Final/netty-buffer-4.1.30.Final.jar:/Users/prasanthpaattathil/.m2/repository/io/netty/netty-transport/4.1.30.Final/netty-transport-4.1.30.Final.jar:/Users/prasanthpaattathil/.m2/repository/io/netty/netty-resolver/4.1.30.Final/netty-resolver-4.1.30.Final.jar:/Users/prasanthpaattathil/.m2/repository/io/netty/netty-codec/4.1.30.Final/netty-codec-4.1.30.Final.jar:/Users/prasanthpaattathil/.m2/repository/io/netty/netty-tcnative-boringssl-static/2.0.17.Final/netty-tcnative-boringssl-static-2.0.17.Final.jar:/Users/prasanthpaattathil/.m2/repository/com/google/api/grpc/proto-google-cloud-bigquerystorage-v1beta1/0.85.1/proto-google-cloud-bigquerystorage-v1beta1-0.85.1.jar:/Users/prasanthpaattathil/.m2/repository/com/google/api/grpc/proto-google-cloud-bigtable-v2/1.9.1/proto-google-cloud-bigtable-v2-1.9.1.jar:/Users/prasanthpaattathil/.m2/repository/com/google/api/grpc/proto-google-cloud-datastore-v1/0.85.0/proto-google-cloud-datastore-v1-0.85.0.jar:/Users/prasanthpaattathil/.m2/repository/com/google/api/grpc/proto-google-cloud-pubsub-v1/1.83.0/proto-google-cloud-pubsub-v1-1.83.0.jar:/Users/prasanthpaattathil/.m2/repository/com/google/api/grpc/proto-google-cloud-spanner-admin-database-v1/1.49.1/proto-google-cloud-spanner-admin-database-v1-1.49.1.jar:/Users/prasanthpaattathil/.m2/repository/com/google/api/grpc/proto-google-common-protos/1.17.0/proto-google-common-protos-1.17.0.jar:/Users/prasanthpaattathil/.m2/repository/com/google/protobuf/protobuf-java/3.11.1/protobuf-java-3.11.1.jar:/Users/prasanthpaattathil/.m2/repository/com/google/api-client/google-api-client/1.30.3/google-api-client-1.30.3.jar:/Users/prasanthpaattathil/.m2/repository/com/google/oauth-client/google-oauth-client/1.30.2/google-oauth-client-1.30.2.jar:/Users/prasanthpaattathil/.m2/repository/com/google/apis/google-api-services-bigquery/v2-rev20190917-1.30.3/google-api-services-bigquery-v2-rev20190917-1.30.3.jar:/Users/prasanthpaattathil/.m2/repository/com/google/http-client/google-http-client/1.34.0/google-http-client-1.34.0.jar:/Users/prasanthpaattathil/.m2/repository/org/apache/httpcomponents/httpclient/4.5.10/httpclient-4.5.10.jar:/Users/prasanthpaattathil/.m2/repository/org/apache/httpcomponents/httpcore/4.4.12/httpcore-4.4.12.jar:/Users/prasanthpaattathil/.m2/repository/com/google/j2objc/j2objc-annotations/1.3/j2objc-annotations-1.3.jar:/Users/prasanthpaattathil/.m2/repository/io/opencensus/opencensus-api/0.24.0/opencensus-api-0.24.0.jar:/Users/prasanthpaattathil/.m2/repository/io/opencensus/opencensus-contrib-http-util/0.24.0/opencensus-contrib-http-util-0.24.0.jar:/Users/prasanthpaattathil/.m2/repository/com/google/apis/google-api-services-pubsub/v1-rev20191111-1.30.3/google-api-services-pubsub-v1-rev20191111-1.30.3.jar:/Users/prasanthpaattathil/.m2/repository/joda-time/joda-time/2.10.5/joda-time-2.10.5.jar:/Users/prasanthpaattathil/.m2/repository/org/slf4j/slf4j-api/1.7.25/slf4j-api-1.7.25.jar:/Users/prasanthpaattathil/.m2/repository/org/slf4j/slf4j-jdk14/1.7.25/slf4j-jdk14-1.7.25.jar:/Users/prasanthpaattathil/.m2/repository/org/hamcrest/hamcrest-core/2.1/hamcrest-core-2.1.jar:/Users/prasanthpaattathil/.m2/repository/org/hamcrest/hamcrest/2.1/hamcrest-2.1.jar:/Users/prasanthpaattathil/.m2/repository/org/hamcrest/hamcrest-library/2.1/hamcrest-library-2.1.jar:/Users/prasanthpaattathil/.m2/repository/junit/junit/4.13-beta-3/junit-4.13-beta-3.jar:/Users/prasanthpaattathil/.m2/repository/org/apache/beam/beam-runners-direct-java/2.20.0/beam-runners-direct-java-2.20.0.jar:/Users/prasanthpaattathil/.m2/repository/org/apache/beam/beam-vendor-grpc-1_26_0/0.3/beam-vendor-grpc-1_26_0-0.3.jar:/Users/prasanthpaattathil/.m2/repository/org/conscrypt/conscrypt-openjdk-uber/1.3.0/conscrypt-openjdk-uber-1.3.0.jar:/Users/prasanthpaattathil/.m2/repository/args4j/args4j/2.33/args4j-2.33.jar:/Users/prasanthpaattathil/.m2/repository/org/mockito/mockito-core/3.0.0/mockito-core-3.0.0.jar:/Users/prasanthpaattathil/.m2/repository/net/bytebuddy/byte-buddy/1.9.10/byte-buddy-1.9.10.jar:/Users/prasanthpaattathil/.m2/repository/net/bytebuddy/byte-buddy-agent/1.9.10/byte-buddy-agent-1.9.10.jar:/Users/prasanthpaattathil/.m2/repository/org/objenesis/objenesis/2.6/objenesis-2.6.jar:/Users/prasanthpaattathil/.m2/repository/org/apache/beam/beam-runners-portability-java/2.20.0/beam-runners-portability-java-2.20.0.jar:/Users/prasanthpaattathil/.m2/repository/org/apache/beam/beam-runners-java-fn-execution/2.20.0/beam-runners-java-fn-execution-2.20.0.jar:/Users/prasanthpaattathil/.m2/repository/org/apache/beam/beam-runners-core-construction-java/2.20.0/beam-runners-core-construction-java-2.20.0.jar:/Users/prasanthpaattathil/.m2/repository/io/github/classgraph/classgraph/4.8.65/classgraph-4.8.65.jar:/Users/prasanthpaattathil/.m2/repository/org/apache/beam/beam-model-fn-execution/2.20.0/beam-model-fn-execution-2.20.0.jar:/Users/prasanthpaattathil/.m2/repository/org/apache/beam/beam-sdks-java-fn-execution/2.20.0/beam-sdks-java-fn-execution-2.20.0.jar:/Users/prasanthpaattathil/.m2/repository/org/apache/beam/beam-vendor-sdks-java-extensions-protobuf/2.20.0/beam-vendor-sdks-java-extensions-protobuf-2.20.0.jar:/Users/prasanthpaattathil/.m2/repository/org/apache/beam/beam-sdks-java-harness/2.20.0/beam-sdks-java-harness-2.20.0.jar:"/>
    <property name="sun.cpu.endian" value="little"/>
    <property name="user.home" value="/Users/prasanthpaattathil"/>
    <property name="user.language" value="en"/>
    <property name="java.specification.vendor" value="Oracle Corporation"/>
    <property name="java.version.date" value="2020-01-14"/>
    <property name="java.home" value="/usr/local/Cellar/openjdk/13.0.2+8_2/libexec/openjdk.jdk/Contents/Home"/>
    <property name="file.separator" value="/"/>
    <property name="basedir" value="/Users/prasanthpaattathil/Documents/GCP-LAB/gcp/dataflow_example/word-count-beam"/>
    <property name="java.vm.compressedOopsMode" value="Zero based"/>
    <property name="line.separator" value="&#10;"/>
    <property name="java.specification.name" value="Java Platform API Specification"/>
    <property name="java.vm.specification.vendor" value="Oracle Corporation"/>
    <property name="surefire.real.class.path" value="/Users/prasanthpaattathil/Documents/GCP-LAB/gcp/dataflow_example/word-count-beam/target/surefire/surefirebooter13238302575666948879.jar"/>
    <property name="sun.management.compiler" value="HotSpot 64-Bit Tiered Compilers"/>
    <property name="ftp.nonProxyHosts" value="local|*.local|169.254/16|*.169.254/16"/>
    <property name="java.runtime.version" value="13.0.2+8"/>
    <property name="user.name" value="prasanthpaattathil"/>
    <property name="path.separator" value=":"/>
    <property name="os.version" value="10.15.3"/>
    <property name="java.runtime.name" value="OpenJDK Runtime Environment"/>
    <property name="file.encoding" value="UTF-8"/>
    <property name="java.vm.name" value="OpenJDK 64-Bit Server VM"/>
    <property name="localRepository" value="/Users/prasanthpaattathil/.m2/repository"/>
    <property name="java.vendor.url.bug" value="https://bugreport.java.com/bugreport/"/>
    <property name="java.io.tmpdir" value="/var/folders/91/_zn72p0s0c575r_xj33x8qsh0000gn/T/"/>
    <property name="java.version" value="13.0.2"/>
    <property name="user.dir" value="/Users/prasanthpaattathil/Documents/GCP-LAB/gcp/dataflow_example/word-count-beam"/>
    <property name="os.arch" value="x86_64"/>
    <property name="java.vm.specification.name" value="Java Virtual Machine Specification"/>
    <property name="java.library.path" value="/Users/prasanthpaattathil/Library/Java/Extensions:/Library/Java/Extensions:/Network/Library/Java/Extensions:/System/Library/Java/Extensions:/usr/lib/java:."/>
    <property name="java.vm.info" value="mixed mode, sharing"/>
    <property name="java.vendor" value="N/A"/>
    <property name="java.vm.version" value="13.0.2+8"/>
    <property name="sun.io.unicode.encoding" value="UnicodeBig"/>
    <property name="socksNonProxyHosts" value="local|*.local|169.254/16|*.169.254/16"/>
    <property name="java.class.version" value="57.0"/>
  </properties>
  <testcase name="testUserScoreSums" classname="org.apache.beam.examples.complete.game.UserScoreTest" time="15.753"/>
  <testcase name="testTeamScoreSums" classname="org.apache.beam.examples.complete.game.UserScoreTest" time="15.89"/>
  <testcase name="testUserScoresBadInput" classname="org.apache.beam.examples.complete.game.UserScoreTest" time="15.346"/>
  <testcase name="testParseEventFn" classname="org.apache.beam.examples.complete.game.UserScoreTest" time="12.79"/>
</testsuite>